<?xml version="1.0" encoding="UTF-8"?>
<testng-results skipped="0" failed="0" total="1" passed="1">
  <reporter-output>
  </reporter-output>
  <suite name="Default suite" duration-ms="29684" started-at="2020-03-16T08:41:32Z" finished-at="2020-03-16T08:42:01Z">
    <groups>
    </groups>
    <test name="Default test" duration-ms="29684" started-at="2020-03-16T08:41:32Z" finished-at="2020-03-16T08:42:01Z">
      <class name="grid.Correct_Grid">
        <test-method status="PASS" signature="verifylogin()[pri:0, instance:grid.Correct_Grid@50f8360d]" name="verifylogin" duration-ms="29663" started-at="2020-03-16T14:11:32Z" finished-at="2020-03-16T14:12:01Z">
          <reporter-output>
          </reporter-output>
        </test-method> <!-- verifylogin -->
      </class> <!-- grid.Correct_Grid -->
    </test> <!-- Default test -->
  </suite> <!-- Default suite -->
</testng-results>
